Starting server...
node:events:497
      throw er; // Unhandled 'error' event
      ^

Error: listen EADDRINUSE: address already in use :::8080
    at Server.setupListenHandle [as _listen2] (node:net:1893:16)
    at listenInCluster (node:net:1941:12)
    at Server.listen (node:net:2029:7)
    at Object.<anonymous> (/home/sakura/Documents/Ansible-Aws/Slack-Notification/server.js:8:4)
    at Module._compile (node:internal/modules/cjs/loader:1378:14)
    at Module._extensions..js (node:internal/modules/cjs/loader:1437:10)
    at Module.load (node:internal/modules/cjs/loader:1212:32)
    at Module._load (node:internal/modules/cjs/loader:1028:12)
    at Function.executeUserEntryPoint [as runMain] (node:internal/modules/run_main:142:12)
    at node:internal/main/run_main_module:28:49
Emitted 'error' event on Server instance at:
    at emitErrorNT (node:net:1920:8)
    at process.processTicksAndRejections (node:internal/process/task_queues:82:21) {
  code: 'EADDRINUSE',
  errno: -98,
  syscall: 'listen',
  address: '::',
  port: 8080
}

Node.js v21.6.0
